[debug] ----------------------------------------------------------------------
[debug] Command:      C:\Program Files\nodejs\node.exe C:\Users\danWin-PC\AppData\Roaming\npm\node_modules\firebase-tools\bin\firebase serve
[debug] CLI Version:  3.6.1
[debug] Platform:     win32
[debug] Node Version: v7.9.0
[debug] Time:         Wed Oct 18 2017 22:19:22 GMT+0100 (W. Central Africa Standard Time)
[debug] ----------------------------------------------------------------------
[debug] 
[debug] > command requires scopes: ["email","openid","https://www.googleapis.com/auth/cloudplatformprojects.readonly","https://www.googleapis.com/auth/firebase","https://www.googleapis.com/auth/cloud-platform"]
[debug] > refreshing access token with scopes: ["email","https://www.googleapis.com/auth/cloud-platform","https://www.googleapis.com/auth/cloudplatformprojects.readonly","https://www.googleapis.com/auth/firebase","openid"]
[debug] >>> HTTP REQUEST POST https://www.googleapis.com/oauth2/v3/token { refresh_token: '1/nsFwh9WqGsNqRkw0RNzWGv_m3GLgEaCcTBvsdR4TNQSCAOCvDyDHBeTy-8Df52kf',
  client_id: '563584335869-fgrhgmd47bqnekij5i8b5pr03ho849e6.apps.googleusercontent.com',
  client_secret: 'j9iVZfS8kkCEFUPaAeJV0sAi',
  grant_type: 'refresh_token',
  scope: 'email https://www.googleapis.com/auth/cloud-platform https://www.googleapis.com/auth/cloudplatformprojects.readonly https://www.googleapis.com/auth/firebase openid' } 
 Wed Oct 18 2017 22:19:22 GMT+0100 (W. Central Africa Standard Time)
[debug] <<< HTTP RESPONSE 200
[debug] >>> HTTP REQUEST GET https://admin.firebase.com/v1/projects/dr-ndem-resume  
 Wed Oct 18 2017 22:19:24 GMT+0100 (W. Central Africa Standard Time)
[debug] <<< HTTP RESPONSE 200
[debug] >>> HTTP REQUEST GET https://admin.firebase.com/v1/database/dr-ndem-resume/tokens  
 Wed Oct 18 2017 22:19:26 GMT+0100 (W. Central Africa Standard Time)
[debug] <<< HTTP RESPONSE 200
[info] Starting Firebase development server...
[info] 
[info] Project Directory: C:\Users\danWin-PC\Desktop\dr-ndem
[debug] >>> HTTP REQUEST GET https://cloudresourcemanager.googleapis.com/v1/projects/dr-ndem-resume  
 Wed Oct 18 2017 22:19:27 GMT+0100 (W. Central Africa Standard Time)
[debug] <<< HTTP RESPONSE 200
[debug] >>> HTTP REQUEST GET https://mobilesdk-pa.googleapis.com/v1/projects/188996662578/clients/_:getWebAppConfig  
 Wed Oct 18 2017 22:19:29 GMT+0100 (W. Central Africa Standard Time)
[debug] <<< HTTP RESPONSE 200
[info] Public Directory: public
[info] 
[info] Server listening at: http://localhost:5000
